Determining if the malloc_stats exist failed with the following output:
Change Dir: C:/Users/norea/OneDrive/Desktop/ExcaliburInstallPackageWorkspace/blender-git/blender/build_files/CMakeFiles/CMakeScratch/TryCompile-cddx4d

Run Build Command(s):C:/Program Files/Microsoft Visual Studio/2022/Community/MSBuild/Current/Bin/amd64/MSBuild.exe cmTC_c6658.vcxproj /p:Configuration=Debug /p:Platform=x64 /p:VisualStudioVersion=17.0 /v:m && MSBuild version 17.4.0+18d5aef85 for .NET Framework
  Microsoft (R) C/C++ Optimizing Compiler Version 19.34.31933 for x64
  CheckSymbolExists.c
  Copyright (C) Microsoft Corporation.  All rights reserved.
  cl /c /Zi /W3 /WX- /diagnostics:column /Od /Ob0 /D _MBCS /D WIN32 /D _WINDOWS /D "CMAKE_INTDIR=\"Debug\"" /Gm- /RTC1 /MDd /GS /fp:precise /Zc:wchar_t /Zc:forScope /Zc:inline /Fo"cmTC_c6658.dir\Debug\\" /Fd"cmTC_c6658.dir\Debug\vc143.pdb" /external:W3 /Gd /TC /errorReport:queue "C:\Users\norea\OneDrive\Desktop\ExcaliburInstallPackageWorkspace\blender-git\blender\build_files\CMakeFiles\CMakeScratch\TryCompile-cddx4d\CheckSymbolExists.c"
C:\Users\norea\OneDrive\Desktop\ExcaliburInstallPackageWorkspace\blender-git\blender\build_files\CMakeFiles\CMakeScratch\TryCompile-cddx4d\CheckSymbolExists.c(8,31): error C2065: 'malloc_stats': undeclared identifier [C:\Users\norea\OneDrive\Desktop\ExcaliburInstallPackageWorkspace\blender-git\blender\build_files\CMakeFiles\CMakeScratch\TryCompile-cddx4d\cmTC_c6658.vcxproj]


File CheckSymbolExists.c:
/* */
#include <malloc.h>

int main(int argc, char** argv)
{
  (void)argv;
#ifndef malloc_stats
  return ((int*)(&malloc_stats))[argc];
#else
  (void)argc;
  return 0;
#endif
}
Performing C++ SOURCE FILE Test SUPPORT_NEON_BUILD failed with the following output:
Change Dir: C:/Users/norea/OneDrive/Desktop/ExcaliburInstallPackageWorkspace/blender-git/blender/build_files/CMakeFiles/CMakeScratch/TryCompile-0n2uiq

Run Build Command(s):C:/Program Files/Microsoft Visual Studio/2022/Community/MSBuild/Current/Bin/amd64/MSBuild.exe cmTC_806b5.vcxproj /p:Configuration=Debug /p:Platform=x64 /p:VisualStudioVersion=17.0 /v:m && MSBuild version 17.4.0+18d5aef85 for .NET Framework
  Microsoft (R) C/C++ Optimizing Compiler Version 19.34.31933 for x64
  src.cxx
  Copyright (C) Microsoft Corporation.  All rights reserved.
  cl /c /Zi /W3 /WX- /diagnostics:column /Od /Ob0 /D _MBCS /D WIN32 /D _WINDOWS /D SUPPORT_NEON_BUILD /D "CMAKE_INTDIR=\"Debug\"" /Gm- /EHsc /RTC1 /MDd /GS /fp:precise /Zc:wchar_t /Zc:forScope /Zc:inline /GR /Fo"cmTC_806b5.dir\Debug\\" /Fd"cmTC_806b5.dir\Debug\vc143.pdb" /external:W3 /Gd /TP /errorReport:queue "C:\Users\norea\OneDrive\Desktop\ExcaliburInstallPackageWorkspace\blender-git\blender\build_files\CMakeFiles\CMakeScratch\TryCompile-0n2uiq\src.cxx"
C:\Program Files\Microsoft Visual Studio\2022\Community\VC\Tools\MSVC\14.34.31933\include\arm_neon.h(21,1): fatal  error C1189: #error:  This header is specific to ARM targets [C:\Users\norea\OneDrive\Desktop\ExcaliburInstallPackageWorkspace\blender-git\blender\build_files\CMakeFiles\CMakeScratch\TryCompile-0n2uiq\cmTC_806b5.vcxproj]


Source file was:
#include <arm_neon.h>
       int main() {return vaddvq_s32(vdupq_n_s32(1));}

